<?xml version="1.0" encoding="UTF-8"?>
<testng-results skipped="0" failed="0" total="2" passed="2">
  <reporter-output>
  </reporter-output>
  <suite name="Suite1" duration-ms="1922" started-at="2016-06-20T18:49:53Z" finished-at="2016-06-20T18:49:54Z">
    <groups>
    </groups>
    <test name="exampletest1" duration-ms="1922" started-at="2016-06-20T18:49:53Z" finished-at="2016-06-20T18:49:54Z">
      <class name="testing.NextPage">
        <test-method status="PASS" signature="NextPage()[pri:0, instance:testing.NextPage@1604f19]" name="NextPage" duration-ms="1784" started-at="2016-06-20T14:49:53Z" finished-at="2016-06-20T14:49:54Z">
          <reporter-output>
          </reporter-output>
        </test-method> <!-- NextPage -->
      </class> <!-- testing.NextPage -->
      <class name="testing.HmePage">
        <test-method status="PASS" signature="tearUp()[pri:0, instance:testing.HmePage@193948d]" name="tearUp" is-config="true" duration-ms="5825" started-at="2016-06-20T14:49:47Z" finished-at="2016-06-20T14:49:53Z">
          <reporter-output>
          </reporter-output>
        </test-method> <!-- tearUp -->
        <test-method status="PASS" signature="homePage()[pri:0, instance:testing.HmePage@193948d]" name="homePage" duration-ms="118" started-at="2016-06-20T14:49:53Z" finished-at="2016-06-20T14:49:53Z">
          <reporter-output>
          </reporter-output>
        </test-method> <!-- homePage -->
        <test-method status="PASS" signature="tearDown()[pri:0, instance:testing.HmePage@193948d]" name="tearDown" is-config="true" duration-ms="7" started-at="2016-06-20T14:49:55Z" finished-at="2016-06-20T14:49:55Z">
          <reporter-output>
          </reporter-output>
        </test-method> <!-- tearDown -->
      </class> <!-- testing.HmePage -->
    </test> <!-- exampletest1 -->
  </suite> <!-- Suite1 -->
</testng-results>
